app/build/intermediates/manifest_merge_blame_file/release/manifest-merger-blame-release-report.txt
1<?xml version="1.0" encoding="utf-8"?>
2<manifest xmlns:android="http://schemas.android.com/apk/res/android"
3    package="com.matejrajtar.shoppinglist"
4    android:versionCode="13"
5    android:versionName="2.1.0" >
6
7    <uses-sdk
8        android:minSdkVersion="21"
8-->src\main\AndroidManifest.xml
9        android:targetSdkVersion="31" />
9-->src\main\AndroidManifest.xml
10
11    <uses-permission android:name="android.permission.INTERNET" />
11-->src\main\AndroidManifest.xml:6:5-67
11-->src\main\AndroidManifest.xml:6:22-64
12    <uses-permission android:name="android.permission.ACCESS_NETWORK_STATE" />
12-->src\main\AndroidManifest.xml:7:5-79
12-->src\main\AndroidManifest.xml:7:22-76
13    <uses-permission android:name="android.permission.SYSTEM_ALERT_WINDOW" />
13-->src\main\AndroidManifest.xml:8:5-78
13-->src\main\AndroidManifest.xml:8:22-75
14    <uses-permission android:name="android.permission.CAMERA" />
14-->src\main\AndroidManifest.xml:9:5-65
14-->src\main\AndroidManifest.xml:9:22-62
15    <uses-permission android:name="android.permission.READ_EXTERNAL_STORAGE" />
15-->src\main\AndroidManifest.xml:10:5-80
15-->src\main\AndroidManifest.xml:10:22-77
16    <uses-permission android:name="android.permission.VIBRATE" />
16-->src\main\AndroidManifest.xml:11:5-66
16-->src\main\AndroidManifest.xml:11:22-63
17
18    <!-- Optional permission for Analytics to run. -->
19    <uses-permission android:name="android.permission.WAKE_LOCK" />
19-->[com.google.android.gms:play-services-analytics:17.0.1] AndroidManifest.xml:27:5-68
19-->[com.google.android.gms:play-services-analytics:17.0.1] AndroidManifest.xml:27:22-65
20
21    <application
21-->src\main\AndroidManifest.xml:13:5-97:19
22        android:name="com.matejrajtar.shoppinglist.app.ShoppingList"
22-->src\main\AndroidManifest.xml:14:9-69
23        android:allowBackup="false"
23-->src\main\AndroidManifest.xml:15:9-36
24        android:appComponentFactory="androidx.core.app.CoreComponentFactory"
24-->[androidx.core:core:1.5.0] AndroidManifest.xml:24:18-86
25        android:icon="@mipmap/ic_launcher"
25-->src\main\AndroidManifest.xml:16:9-43
26        android:label="@string/application.name"
26-->src\main\AndroidManifest.xml:17:9-49
27        android:supportsRtl="false"
27-->src\main\AndroidManifest.xml:18:9-36
28        android:theme="@style/app.theme" >
28-->src\main\AndroidManifest.xml:19:9-41
29        <activity
29-->src\main\AndroidManifest.xml:22:9-46:20
30            android:name="com.matejrajtar.shoppinglist.activities.CartActivity"
30-->src\main\AndroidManifest.xml:23:13-80
31            android:exported="true"
31-->src\main\AndroidManifest.xml:25:13-36
32            android:screenOrientation="portrait"
32-->src\main\AndroidManifest.xml:24:13-49
33            android:windowSoftInputMode="adjustPan" >
33-->src\main\AndroidManifest.xml:26:13-52
34            <intent-filter>
34-->src\main\AndroidManifest.xml:28:13-31:29
35                <action android:name="android.intent.action.MAIN" />
35-->src\main\AndroidManifest.xml:29:17-69
35-->src\main\AndroidManifest.xml:29:25-66
36
37                <category android:name="android.intent.category.LAUNCHER" />
37-->src\main\AndroidManifest.xml:30:17-77
37-->src\main\AndroidManifest.xml:30:27-74
38            </intent-filter>
39            <intent-filter>
39-->src\main\AndroidManifest.xml:33:13-44:29
40                <action android:name="android.intent.action.VIEW" />
40-->src\main\AndroidManifest.xml:34:17-69
40-->src\main\AndroidManifest.xml:34:25-66
41
42                <category android:name="android.intent.category.DEFAULT" />
42-->src\main\AndroidManifest.xml:36:17-76
42-->src\main\AndroidManifest.xml:36:27-73
43                <category android:name="android.intent.category.BROWSABLE" />
43-->src\main\AndroidManifest.xml:37:17-78
43-->src\main\AndroidManifest.xml:37:27-75
44
45                <data
45-->src\main\AndroidManifest.xml:39:17-42:46
46                    android:host="google.com"
46-->src\main\AndroidManifest.xml:40:21-46
47                    android:pathPattern="/shoppinglist"
47-->src\main\AndroidManifest.xml:41:21-56
48                    android:scheme="https" />
48-->src\main\AndroidManifest.xml:42:21-43
49            </intent-filter>
50        </activity>
51        <activity
51-->src\main\AndroidManifest.xml:48:9-50:52
52            android:name="com.matejrajtar.shoppinglist.activities.AddProductActivity"
52-->src\main\AndroidManifest.xml:49:13-86
53            android:screenOrientation="portrait" />
53-->src\main\AndroidManifest.xml:50:13-49
54        <activity
54-->src\main\AndroidManifest.xml:52:9-54:52
55            android:name="com.matejrajtar.shoppinglist.activities.CreateProductActivity"
55-->src\main\AndroidManifest.xml:53:13-89
56            android:screenOrientation="portrait" />
56-->src\main\AndroidManifest.xml:54:13-49
57        <activity
57-->src\main\AndroidManifest.xml:56:9-58:52
58            android:name="com.matejrajtar.shoppinglist.activities.ManageCategoriesActivity"
58-->src\main\AndroidManifest.xml:57:13-92
59            android:screenOrientation="portrait" />
59-->src\main\AndroidManifest.xml:58:13-49
60        <activity
60-->src\main\AndroidManifest.xml:60:9-63:58
61            android:name="com.matejrajtar.shoppinglist.activities.SearchImageActivity"
61-->src\main\AndroidManifest.xml:61:13-87
62            android:screenOrientation="portrait"
62-->src\main\AndroidManifest.xml:62:13-49
63            android:windowSoftInputMode="stateVisible" />
63-->src\main\AndroidManifest.xml:63:13-55
64
65        <meta-data
65-->src\main\AndroidManifest.xml:65:9-67:47
66            android:name="DATABASE"
66-->src\main\AndroidManifest.xml:66:13-36
67            android:value="shoppinglist.db" />
67-->src\main\AndroidManifest.xml:67:13-44
68        <meta-data
68-->src\main\AndroidManifest.xml:69:9-71:33
69            android:name="VERSION"
69-->src\main\AndroidManifest.xml:70:13-35
70            android:value="1" />
70-->src\main\AndroidManifest.xml:71:13-30
71        <meta-data
71-->src\main\AndroidManifest.xml:73:9-75:37
72            android:name="QUERY_LOG"
72-->src\main\AndroidManifest.xml:74:13-37
73            android:value="false" />
73-->src\main\AndroidManifest.xml:75:13-34
74        <meta-data
74-->src\main\AndroidManifest.xml:77:9-79:60
75            android:name="DOMAIN_PACKAGE_NAME"
75-->src\main\AndroidManifest.xml:78:13-47
76            android:value="com.matejrajtar.shoppinglist" />
76-->src\main\AndroidManifest.xml:79:13-57
77        <meta-data
77-->src\main\AndroidManifest.xml:81:9-83:72
78            android:name="io.fabric.ApiKey"
78-->src\main\AndroidManifest.xml:82:13-44
79            android:value="8cffce1302373dfaa1df9a1eaa9097d3bf4520fc" />
79-->src\main\AndroidManifest.xml:83:13-69
80
81        <provider
82            android:name="com.matejrajtar.shoppinglist.provider.LegacyCompatFileProvider"
82-->src\main\AndroidManifest.xml:86:13-90
83            android:authorities="com.matejrajtar.shoppinglist.provider"
83-->src\main\AndroidManifest.xml:87:13-60
84            android:exported="false"
84-->src\main\AndroidManifest.xml:88:13-37
85            android:grantUriPermissions="true" >
85-->src\main\AndroidManifest.xml:89:13-47
86            <meta-data
86-->src\main\AndroidManifest.xml:91:13-93:58
87                android:name="android.support.FILE_PROVIDER_PATHS"
87-->src\main\AndroidManifest.xml:92:17-67
88                android:resource="@xml/provider_paths" />
88-->src\main\AndroidManifest.xml:93:17-55
89        </provider>
90
91        <receiver
91-->[com.google.android.gms:play-services-analytics:17.0.1] AndroidManifest.xml:30:9-34:20
92            android:name="com.google.android.gms.analytics.AnalyticsReceiver"
92-->[com.google.android.gms:play-services-analytics:17.0.1] AndroidManifest.xml:31:13-78
93            android:enabled="true"
93-->[com.google.android.gms:play-services-analytics:17.0.1] AndroidManifest.xml:32:13-35
94            android:exported="false" >
94-->[com.google.android.gms:play-services-analytics:17.0.1] AndroidManifest.xml:33:13-37
95        </receiver>
96
97        <service
97-->[com.google.android.gms:play-services-analytics:17.0.1] AndroidManifest.xml:36:9-39:40
98            android:name="com.google.android.gms.analytics.AnalyticsService"
98-->[com.google.android.gms:play-services-analytics:17.0.1] AndroidManifest.xml:37:13-77
99            android:enabled="true"
99-->[com.google.android.gms:play-services-analytics:17.0.1] AndroidManifest.xml:38:13-35
100            android:exported="false" />
100-->[com.google.android.gms:play-services-analytics:17.0.1] AndroidManifest.xml:39:13-37
101        <service
101-->[com.google.android.gms:play-services-analytics:17.0.1] AndroidManifest.xml:40:9-44:72
102            android:name="com.google.android.gms.analytics.AnalyticsJobService"
102-->[com.google.android.gms:play-services-analytics:17.0.1] AndroidManifest.xml:41:13-80
103            android:enabled="true"
103-->[com.google.android.gms:play-services-analytics:17.0.1] AndroidManifest.xml:42:13-35
104            android:exported="false"
104-->[com.google.android.gms:play-services-analytics:17.0.1] AndroidManifest.xml:43:13-37
105            android:permission="android.permission.BIND_JOB_SERVICE" />
105-->[com.google.android.gms:play-services-analytics:17.0.1] AndroidManifest.xml:44:13-69
106        <service
106-->[androidx.room:room-runtime:2.3.0] AndroidManifest.xml:25:9-28:40
107            android:name="androidx.room.MultiInstanceInvalidationService"
107-->[androidx.room:room-runtime:2.3.0] AndroidManifest.xml:26:13-74
108            android:directBootAware="true"
108-->[androidx.room:room-runtime:2.3.0] AndroidManifest.xml:27:13-43
109            android:exported="false" />
109-->[androidx.room:room-runtime:2.3.0] AndroidManifest.xml:28:13-37
110        <service
110-->[com.google.firebase:firebase-database:20.0.3] AndroidManifest.xml:29:9-35:19
111            android:name="com.google.firebase.components.ComponentDiscoveryService"
111-->[com.google.firebase:firebase-database:20.0.3] AndroidManifest.xml:30:13-84
112            android:directBootAware="true"
112-->[com.google.firebase:firebase-common:20.0.0] AndroidManifest.xml:35:13-43
113            android:exported="false" >
113-->[com.google.firebase:firebase-database:20.0.3] AndroidManifest.xml:31:13-37
114            <meta-data
114-->[com.google.firebase:firebase-database:20.0.3] AndroidManifest.xml:32:13-34:85
115                android:name="com.google.firebase.components:com.google.firebase.database.DatabaseRegistrar"
115-->[com.google.firebase:firebase-database:20.0.3] AndroidManifest.xml:33:17-109
116                android:value="com.google.firebase.components.ComponentRegistrar" />
116-->[com.google.firebase:firebase-database:20.0.3] AndroidManifest.xml:34:17-82
117            <meta-data
117-->[com.google.firebase:firebase-firestore:24.0.0] AndroidManifest.xml:20:13-22:85
118                android:name="com.google.firebase.components:com.google.firebase.firestore.FirestoreRegistrar"
118-->[com.google.firebase:firebase-firestore:24.0.0] AndroidManifest.xml:21:17-111
119                android:value="com.google.firebase.components.ComponentRegistrar" />
119-->[com.google.firebase:firebase-firestore:24.0.0] AndroidManifest.xml:22:17-82
120        </service>
121
122        <provider
122-->[com.google.firebase:firebase-common:20.0.0] AndroidManifest.xml:26:9-31:39
123            android:name="com.google.firebase.provider.FirebaseInitProvider"
123-->[com.google.firebase:firebase-common:20.0.0] AndroidManifest.xml:27:13-77
124            android:authorities="com.matejrajtar.shoppinglist.firebaseinitprovider"
124-->[com.google.firebase:firebase-common:20.0.0] AndroidManifest.xml:28:13-72
125            android:directBootAware="true"
125-->[com.google.firebase:firebase-common:20.0.0] AndroidManifest.xml:29:13-43
126            android:exported="false"
126-->[com.google.firebase:firebase-common:20.0.0] AndroidManifest.xml:30:13-37
127            android:initOrder="100" />
127-->[com.google.firebase:firebase-common:20.0.0] AndroidManifest.xml:31:13-36
128
129        <activity
129-->[com.google.android.gms:play-services-base:17.1.0] AndroidManifest.xml:23:9-26:75
130            android:name="com.google.android.gms.common.api.GoogleApiActivity"
130-->[com.google.android.gms:play-services-base:17.1.0] AndroidManifest.xml:24:13-79
131            android:exported="false"
131-->[com.google.android.gms:play-services-base:17.1.0] AndroidManifest.xml:25:13-37
132            android:theme="@android:style/Theme.Translucent.NoTitleBar" />
132-->[com.google.android.gms:play-services-base:17.1.0] AndroidManifest.xml:26:13-72
133
134        <meta-data
134-->[com.google.android.gms:play-services-basement:17.0.0] AndroidManifest.xml:23:9-25:69
135            android:name="com.google.android.gms.version"
135-->[com.google.android.gms:play-services-basement:17.0.0] AndroidManifest.xml:24:13-58
136            android:value="@integer/google_play_services_version" />
136-->[com.google.android.gms:play-services-basement:17.0.0] AndroidManifest.xml:25:13-66
137    </application>
138
139</manifest>